[2025-10-04 19:22:05] [PERFORMANCE] Page loaded: 1 - Execution time: 0.0187s - Memory: 2MB - Peak: 2MB
[2025-10-04 19:22:23] [PERFORMANCE] Page loaded: about - Execution time: 0.0151s - Memory: 2MB - Peak: 2MB
[2025-10-04 19:22:23] [PERFORMANCE] Page loaded: 1 - Execution time: 0.0193s - Memory: 2MB - Peak: 2MB
[2025-10-04 19:22:31] [PERFORMANCE] Page loaded: about - Execution time: 0.0144s - Memory: 2MB - Peak: 2MB
[2025-10-04 19:24:21] [PERFORMANCE] Page loaded: 1 - Execution time: 0.0427s - Memory: 2MB - Peak: 2MB
[2025-10-04 19:24:24] [PERFORMANCE] Page loaded: about - Execution time: 0.0348s - Memory: 2MB - Peak: 2MB
[2025-10-04 19:28:09] [PERFORMANCE] Page loaded: about - Execution time: 0.0449s - Memory: 2MB - Peak: 2MB
[2025-10-04 19:28:10] [PERFORMANCE] Page loaded: 1 - Execution time: 0.0435s - Memory: 2MB - Peak: 2MB
[2025-10-04 19:28:10] [PERFORMANCE] Page loaded: 1 - Execution time: 0.0345s - Memory: 2MB - Peak: 2MB
[2025-10-04 19:30:30] [PERFORMANCE] Page loaded: 1 - Execution time: 0.0411s - Memory: 2MB - Peak: 2MB
[2025-10-04 19:30:51] [PERFORMANCE] Page loaded: 1 - Execution time: 0.015s - Memory: 2MB - Peak: 2MB
[2025-10-04 19:31:04] [PERFORMANCE] Page loaded: 1 - Execution time: 0.0439s - Memory: 2MB - Peak: 2MB
[2025-10-04 19:31:06] [PERFORMANCE] Page loaded: home - Execution time: 0.0196s - Memory: 2MB - Peak: 2MB
[2025-10-04 19:31:07] [PERFORMANCE] Page loaded: home - Execution time: 0.0191s - Memory: 2MB - Peak: 2MB
[2025-10-04 19:31:11] [PERFORMANCE] Page loaded: about - Execution time: 0.0348s - Memory: 2MB - Peak: 2MB
[2025-10-04 19:31:40] [PERFORMANCE] Page loaded: about - Execution time: 0.0419s - Memory: 2MB - Peak: 2MB
[2025-10-04 19:31:41] [PERFORMANCE] Page loaded: 1 - Execution time: 0.0618s - Memory: 2MB - Peak: 2MB
[2025-10-04 19:31:43] [PERFORMANCE] Page loaded: home - Execution time: 0.031s - Memory: 2MB - Peak: 2MB
[2025-10-04 19:32:13] [PERFORMANCE] Page loaded: home - Execution time: 0.0301s - Memory: 2MB - Peak: 2MB
[2025-10-04 19:32:14] [PERFORMANCE] Page loaded: home - Execution time: 0.0361s - Memory: 2MB - Peak: 2MB
[2025-10-04 19:32:20] [PERFORMANCE] Page loaded: 1 - Execution time: 0.0643s - Memory: 2MB - Peak: 2MB
[2025-10-04 19:32:23] [PERFORMANCE] Page loaded: about - Execution time: 0.0757s - Memory: 2MB - Peak: 2MB
[2025-10-04 19:32:25] [PERFORMANCE] Page loaded: 1 - Execution time: 0.0651s - Memory: 2MB - Peak: 2MB
[2025-10-04 19:32:27] [PERFORMANCE] Page loaded: about - Execution time: 0.0692s - Memory: 2MB - Peak: 2MB
[2025-10-04 19:32:28] [PERFORMANCE] Page loaded: home - Execution time: 0.0363s - Memory: 2MB - Peak: 2MB
[2025-10-04 19:32:36] [PERFORMANCE] Page loaded: add_property - Execution time: 0.049s - Memory: 2MB - Peak: 2MB
[2025-10-04 19:32:41] [PERFORMANCE] Page loaded: home - Execution time: 0.0338s - Memory: 2MB - Peak: 2MB
[2025-10-04 19:32:43] [PERFORMANCE] Page loaded: 1 - Execution time: 0.0535s - Memory: 2MB - Peak: 2MB
[2025-10-04 19:32:45] [PERFORMANCE] Page loaded: home - Execution time: 0.0333s - Memory: 2MB - Peak: 2MB
[2025-10-04 19:32:49] [PERFORMANCE] Page loaded: home - Execution time: 0.0294s - Memory: 2MB - Peak: 2MB
[2025-10-04 19:32:52] [PERFORMANCE] Page loaded: 1 - Execution time: 0.0626s - Memory: 2MB - Peak: 2MB
[2025-10-04 19:32:54] [PERFORMANCE] Page loaded: home - Execution time: 0.029s - Memory: 2MB - Peak: 2MB
[2025-10-04 19:32:56] [PERFORMANCE] Page loaded: 1 - Execution time: 0.0482s - Memory: 2MB - Peak: 2MB
[2025-10-04 19:32:57] [PERFORMANCE] Page loaded: home - Execution time: 0.0336s - Memory: 2MB - Peak: 2MB
[2025-10-04 19:32:59] [PERFORMANCE] Page loaded: 1 - Execution time: 0.0532s - Memory: 2MB - Peak: 2MB
[2025-10-04 19:33:01] [PERFORMANCE] Page loaded: home - Execution time: 0.0362s - Memory: 2MB - Peak: 2MB
[2025-10-04 19:33:07] [PERFORMANCE] Page loaded: add_property - Execution time: 0.0488s - Memory: 2MB - Peak: 2MB
[2025-10-04 19:34:17] [PERFORMANCE] Page loaded: add_property - Execution time: 0.0288s - Memory: 2MB - Peak: 2MB
[2025-10-04 19:34:23] [PERFORMANCE] Page loaded: 1 - Execution time: 0.0333s - Memory: 2MB - Peak: 2MB
[2025-10-04 19:34:25] [PERFORMANCE] Page loaded: home - Execution time: 0.0153s - Memory: 2MB - Peak: 2MB
[2025-10-04 19:34:27] [PERFORMANCE] Page loaded: add_property - Execution time: 0.0371s - Memory: 2MB - Peak: 2MB
[2025-10-04 19:34:31] [PERFORMANCE] Page loaded: home - Execution time: 0.0146s - Memory: 2MB - Peak: 2MB
[2025-10-04 19:34:36] [PERFORMANCE] Page loaded: add_property - Execution time: 0.0331s - Memory: 2MB - Peak: 2MB
[2025-10-04 19:34:42] [PERFORMANCE] Page loaded: home - Execution time: 0.0169s - Memory: 2MB - Peak: 2MB
[2025-10-04 19:34:44] [PERFORMANCE] Page loaded: home - Execution time: 0.0146s - Memory: 2MB - Peak: 2MB
[2025-10-04 19:34:45] [PERFORMANCE] Page loaded: 1 - Execution time: 0.0342s - Memory: 2MB - Peak: 2MB
[2025-10-04 19:34:46] [PERFORMANCE] Page loaded: about - Execution time: 0.0354s - Memory: 2MB - Peak: 2MB
[2025-10-04 19:34:46] [PERFORMANCE] Page loaded: 1 - Execution time: 0.0363s - Memory: 2MB - Peak: 2MB
[2025-10-04 19:34:48] [PERFORMANCE] Page loaded: home - Execution time: 0.0148s - Memory: 2MB - Peak: 2MB
[2025-10-04 19:34:50] [PERFORMANCE] Page loaded: dashboard - Execution time: 0.0336s - Memory: 2MB - Peak: 2MB
[2025-10-04 19:35:06] [PERFORMANCE] Page loaded: add_property - Execution time: 0.0337s - Memory: 2MB - Peak: 2MB
[2025-10-04 19:35:40] [PERFORMANCE] Page loaded: 1 - Execution time: 0.0322s - Memory: 2MB - Peak: 2MB
[2025-10-04 19:35:43] [PERFORMANCE] Page loaded: 1 - Execution time: 0.0361s - Memory: 2MB - Peak: 2MB
[2025-10-04 19:35:44] [PERFORMANCE] Page loaded: 1 - Execution time: 0.0344s - Memory: 2MB - Peak: 2MB
[2025-10-04 19:35:45] [PERFORMANCE] Page loaded: home - Execution time: 0.0271s - Memory: 2MB - Peak: 2MB
[2025-10-04 19:35:46] [PERFORMANCE] Page loaded: 1 - Execution time: 0.0316s - Memory: 2MB - Peak: 2MB
[2025-10-04 19:35:51] [PERFORMANCE] Page loaded: home - Execution time: 0.0161s - Memory: 2MB - Peak: 2MB
[2025-10-04 19:35:54] [PERFORMANCE] Page loaded: 1 - Execution time: 0.043s - Memory: 2MB - Peak: 2MB
[2025-10-04 19:36:18] [PERFORMANCE] Page loaded: 1 - Execution time: 0.0381s - Memory: 2MB - Peak: 2MB
[2025-10-04 19:36:21] [PERFORMANCE] Page loaded: 1 - Execution time: 0.033s - Memory: 2MB - Peak: 2MB
[2025-10-04 19:40:15] [PERFORMANCE] Page loaded: 1 - Execution time: 0.039s - Memory: 2MB - Peak: 2MB
[2025-10-04 19:40:18] [PERFORMANCE] Page loaded: 1 - Execution time: 0.0404s - Memory: 2MB - Peak: 2MB
[2025-10-04 19:40:35] [PERFORMANCE] Page loaded: home - Execution time: 0.007s - Memory: 2MB - Peak: 2MB
[2025-10-04 19:40:38] [PERFORMANCE] Page loaded: add_property - Execution time: 0.0234s - Memory: 2MB - Peak: 2MB
[2025-10-04 19:41:12] [PERFORMANCE] Page loaded: add_property - Execution time: 0.0259s - Memory: 2MB - Peak: 2MB
[2025-10-04 19:46:58] [PERFORMANCE] Page loaded: 1 - Execution time: 0.0293s - Memory: 2MB - Peak: 2MB
[2025-10-04 19:46:59] [PERFORMANCE] Page loaded: 1 - Execution time: 0.0536s - Memory: 2MB - Peak: 2MB
[2025-10-04 19:47:03] [PERFORMANCE] Page loaded: home - Execution time: 0.0156s - Memory: 2MB - Peak: 2MB
[2025-10-04 19:47:07] [PERFORMANCE] Page loaded: 1 - Execution time: 0.0233s - Memory: 2MB - Peak: 2MB
[2025-10-04 19:47:08] [PERFORMANCE] Page loaded: 1 - Execution time: 0.0332s - Memory: 2MB - Peak: 2MB
[2025-10-04 19:47:13] [PERFORMANCE] Page loaded: 1 - Execution time: 0.0388s - Memory: 2MB - Peak: 2MB
[2025-10-04 19:47:15] [PERFORMANCE] Page loaded: 1 - Execution time: 0.0292s - Memory: 2MB - Peak: 2MB
[2025-10-04 19:47:17] [PERFORMANCE] Page loaded: home - Execution time: 0.0205s - Memory: 2MB - Peak: 2MB
[2025-10-04 19:47:18] [PERFORMANCE] Page loaded: home - Execution time: 0.014s - Memory: 2MB - Peak: 2MB
[2025-10-04 19:47:19] [PERFORMANCE] Page loaded: home - Execution time: 0.016s - Memory: 2MB - Peak: 2MB
[2025-10-04 19:47:23] [PERFORMANCE] Page loaded: home - Execution time: 0.0137s - Memory: 2MB - Peak: 2MB
[2025-10-04 19:47:32] [PERFORMANCE] Page loaded: 1 - Execution time: 0.0305s - Memory: 2MB - Peak: 2MB
[2025-10-04 19:47:34] [PERFORMANCE] Page loaded: 1 - Execution time: 0.0309s - Memory: 2MB - Peak: 2MB
[2025-10-04 19:48:07] [PERFORMANCE] Page loaded: 1 - Execution time: 0.0414s - Memory: 2MB - Peak: 2MB
[2025-10-04 19:48:10] [PERFORMANCE] Page loaded: 1 - Execution time: 0.0335s - Memory: 2MB - Peak: 2MB
[2025-10-04 19:48:21] [PERFORMANCE] Page loaded: add_property - Execution time: 0.0344s - Memory: 2MB - Peak: 2MB
[2025-10-04 19:48:52] [PERFORMANCE] Page loaded: add_property - Execution time: 0.0348s - Memory: 2MB - Peak: 2MB
[2025-10-04 19:48:55] [PERFORMANCE] Page loaded: 1 - Execution time: 0.0361s - Memory: 2MB - Peak: 2MB
[2025-10-04 19:48:56] [PERFORMANCE] Page loaded: add_property - Execution time: 0.0319s - Memory: 2MB - Peak: 2MB
[2025-10-04 19:48:59] [PERFORMANCE] Page loaded: add_property - Execution time: 0.0359s - Memory: 2MB - Peak: 2MB
[2025-10-04 19:49:01] [PERFORMANCE] Page loaded: 1 - Execution time: 0.0396s - Memory: 2MB - Peak: 2MB
[2025-10-04 19:58:03] [PERFORMANCE] Page loaded: 1 - Execution time: 0.0331s - Memory: 2MB - Peak: 2MB
[2025-10-04 19:58:16] [PERFORMANCE] Page loaded: home - Execution time: 0.0188s - Memory: 2MB - Peak: 2MB
[2025-10-04 19:58:17] [PERFORMANCE] Page loaded: 1 - Execution time: 0.0225s - Memory: 2MB - Peak: 2MB
[2025-10-04 19:58:18] [PERFORMANCE] Page loaded: 1 - Execution time: 0.0299s - Memory: 2MB - Peak: 2MB
[2025-10-04 19:58:18] [PERFORMANCE] Page loaded: add_property - Execution time: 0.0344s - Memory: 2MB - Peak: 2MB
[2025-10-04 19:58:19] [PERFORMANCE] Page loaded: 1 - Execution time: 0.047s - Memory: 2MB - Peak: 2MB
[2025-10-04 19:58:33] [PERFORMANCE] Page loaded: home - Execution time: 0.0186s - Memory: 2MB - Peak: 2MB
[2025-10-04 19:58:37] [PERFORMANCE] Page loaded: 1 - Execution time: 0.0349s - Memory: 2MB - Peak: 2MB
[2025-10-04 19:58:38] [PERFORMANCE] Page loaded: 1 - Execution time: 0.0331s - Memory: 2MB - Peak: 2MB
[2025-10-04 19:58:38] [PERFORMANCE] Page loaded: add_property - Execution time: 0.0357s - Memory: 2MB - Peak: 2MB
[2025-10-04 19:58:39] [PERFORMANCE] Page loaded: 1 - Execution time: 0.0456s - Memory: 2MB - Peak: 2MB
[2025-10-04 19:59:49] [PERFORMANCE] Page loaded: 1 - Execution time: 0.0113s - Memory: 2MB - Peak: 2MB
[2025-10-04 19:59:53] [PERFORMANCE] Page loaded: 1 - Execution time: 0.036s - Memory: 2MB - Peak: 2MB
[2025-10-04 19:59:54] [PERFORMANCE] Page loaded: add_property - Execution time: 0.0365s - Memory: 2MB - Peak: 2MB
[2025-10-04 19:59:55] [PERFORMANCE] Page loaded: 1 - Execution time: 0.0399s - Memory: 2MB - Peak: 2MB
[2025-10-04 19:59:56] [PERFORMANCE] Page loaded: add_property - Execution time: 0.0378s - Memory: 2MB - Peak: 2MB
[2025-10-04 19:59:56] [PERFORMANCE] Page loaded: 1 - Execution time: 0.0385s - Memory: 2MB - Peak: 2MB
[2025-10-04 19:59:57] [PERFORMANCE] Page loaded: 1 - Execution time: 0.0333s - Memory: 2MB - Peak: 2MB
[2025-10-04 19:59:57] [PERFORMANCE] Page loaded: add_property - Execution time: 0.0131s - Memory: 2MB - Peak: 2MB
[2025-10-04 19:59:58] [PERFORMANCE] Page loaded: 1 - Execution time: 0.0489s - Memory: 2MB - Peak: 2MB
[2025-10-04 19:59:58] [PERFORMANCE] Page loaded: 1 - Execution time: 0.0316s - Memory: 2MB - Peak: 2MB
[2025-10-04 19:59:59] [PERFORMANCE] Page loaded: home - Execution time: 0.0156s - Memory: 2MB - Peak: 2MB
[2025-10-04 20:00:00] [PERFORMANCE] Page loaded: 1 - Execution time: 0.0348s - Memory: 2MB - Peak: 2MB
[2025-10-04 20:00:01] [PERFORMANCE] Page loaded: 1 - Execution time: 0.0314s - Memory: 2MB - Peak: 2MB
[2025-10-04 20:00:06] [PERFORMANCE] Page loaded: home - Execution time: 0.0177s - Memory: 2MB - Peak: 2MB
[2025-10-04 20:00:11] [PERFORMANCE] Page loaded: 1 - Execution time: 0.0331s - Memory: 2MB - Peak: 2MB
[2025-10-04 20:00:19] [PERFORMANCE] Page loaded: home - Execution time: 0.0158s - Memory: 2MB - Peak: 2MB
[2025-10-04 20:00:30] [PERFORMANCE] Page loaded: home - Execution time: 0.0187s - Memory: 2MB - Peak: 2MB
[2025-10-04 20:00:34] [PERFORMANCE] Page loaded: home - Execution time: 0.0177s - Memory: 2MB - Peak: 2MB
[2025-10-04 20:00:35] [PERFORMANCE] Page loaded: home - Execution time: 0.0169s - Memory: 2MB - Peak: 2MB
[2025-10-04 20:00:36] [PERFORMANCE] Page loaded: home - Execution time: 0.0174s - Memory: 2MB - Peak: 2MB
[2025-10-04 20:00:37] [PERFORMANCE] Page loaded: login - Execution time: 0.0316s - Memory: 2MB - Peak: 2MB
[2025-10-04 20:00:48] [PERFORMANCE] Page loaded: dashboard - Execution time: 0.0444s - Memory: 2MB - Peak: 2MB
[2025-10-04 20:00:52] [PERFORMANCE] Page loaded: home - Execution time: 0.0042s - Memory: 2MB - Peak: 2MB
[2025-10-04 20:02:32] [PERFORMANCE] Page loaded: home - Execution time: 0.0076s - Memory: 2MB - Peak: 2MB
[2025-10-04 20:02:34] [PERFORMANCE] Page loaded: login - Execution time: 0.0334s - Memory: 2MB - Peak: 2MB
[2025-10-04 20:02:43] [PERFORMANCE] Page loaded: dashboard - Execution time: 0.0483s - Memory: 2MB - Peak: 2MB
[2025-10-04 20:02:53] [PERFORMANCE] Page loaded: home - Execution time: 0.0166s - Memory: 2MB - Peak: 2MB
[2025-10-04 20:02:55] [PERFORMANCE] Page loaded: home - Execution time: 0.0182s - Memory: 2MB - Peak: 2MB
[2025-10-04 20:02:56] [PERFORMANCE] Page loaded: home - Execution time: 0.0264s - Memory: 2MB - Peak: 2MB
[2025-10-04 20:02:57] [PERFORMANCE] Page loaded: home - Execution time: 0.0072s - Memory: 2MB - Peak: 2MB
[2025-10-04 20:02:57] [PERFORMANCE] Page loaded: home - Execution time: 0.0192s - Memory: 2MB - Peak: 2MB
[2025-10-04 20:02:58] [PERFORMANCE] Page loaded: home - Execution time: 0.0197s - Memory: 2MB - Peak: 2MB
[2025-10-04 20:02:58] [PERFORMANCE] Page loaded: home - Execution time: 0.0114s - Memory: 2MB - Peak: 2MB
[2025-10-04 20:03:02] [PERFORMANCE] Page loaded: home - Execution time: 0.0259s - Memory: 2MB - Peak: 2MB
[2025-10-04 20:03:04] [PERFORMANCE] Page loaded: login - Execution time: 0.032s - Memory: 2MB - Peak: 2MB
[2025-10-04 20:03:05] [PERFORMANCE] Page loaded: register - Execution time: 0.0318s - Memory: 2MB - Peak: 2MB
[2025-10-04 20:03:06] [PERFORMANCE] Page loaded: login - Execution time: 0.029s - Memory: 2MB - Peak: 2MB
[2025-10-04 20:03:22] [PERFORMANCE] Page loaded: dashboard - Execution time: 0.0562s - Memory: 2MB - Peak: 2MB
[2025-10-04 20:03:32] [PERFORMANCE] Page loaded: 1 - Execution time: 0.0387s - Memory: 2MB - Peak: 2MB
[2025-10-04 20:03:33] [PERFORMANCE] Page loaded: add_property - Execution time: 0.0329s - Memory: 2MB - Peak: 2MB
[2025-10-04 20:03:33] [PERFORMANCE] Page loaded: 1 - Execution time: 0.0341s - Memory: 2MB - Peak: 2MB
[2025-10-04 20:03:34] [PERFORMANCE] Page loaded: 1 - Execution time: 0.0509s - Memory: 2MB - Peak: 2MB
[2025-10-04 20:03:34] [PERFORMANCE] Page loaded: home - Execution time: 0.0209s - Memory: 2MB - Peak: 2MB
[2025-10-04 20:04:11] [PERFORMANCE] Page loaded: home - Execution time: 0.0069s - Memory: 2MB - Peak: 2MB
[2025-10-04 20:04:13] [PERFORMANCE] Page loaded: login - Execution time: 0.0289s - Memory: 2MB - Peak: 2MB
[2025-10-04 20:04:27] [PERFORMANCE] Page loaded: dashboard - Execution time: 0.0427s - Memory: 2MB - Peak: 2MB
[2025-10-04 20:04:31] [PERFORMANCE] Page loaded: home - Execution time: 0.0188s - Memory: 2MB - Peak: 2MB
[2025-10-04 20:04:32] [PERFORMANCE] Page loaded: home - Execution time: 0.0189s - Memory: 2MB - Peak: 2MB
[2025-10-04 20:04:34] [PERFORMANCE] Page loaded: home - Execution time: 0.0183s - Memory: 2MB - Peak: 2MB
[2025-10-04 20:04:43] [PERFORMANCE] Page loaded: admin_dashboard - Execution time: 0.0232s - Memory: 2MB - Peak: 2MB
[2025-10-04 20:04:45] [PERFORMANCE] Page loaded: 1 - Execution time: 0.0349s - Memory: 2MB - Peak: 2MB
[2025-10-04 20:04:58] [PERFORMANCE] Page loaded: home - Execution time: 0.0191s - Memory: 2MB - Peak: 2MB
[2025-10-04 20:05:00] [PERFORMANCE] Page loaded: home - Execution time: 0.0132s - Memory: 2MB - Peak: 2MB
[2025-10-04 20:05:01] [PERFORMANCE] Page loaded: home - Execution time: 0.0231s - Memory: 2MB - Peak: 2MB
[2025-10-04 20:05:02] [PERFORMANCE] Page loaded: 1 - Execution time: 0.0346s - Memory: 2MB - Peak: 2MB
[2025-10-04 20:05:05] [PERFORMANCE] Page loaded: admin_dashboard - Execution time: 0.0366s - Memory: 2MB - Peak: 2MB
[2025-10-04 20:05:07] [PERFORMANCE] Page loaded: 1 - Execution time: 0.0338s - Memory: 2MB - Peak: 2MB
[2025-10-04 20:05:55] [PERFORMANCE] Page loaded: 1 - Execution time: 0.0345s - Memory: 2MB - Peak: 2MB
[2025-10-04 20:05:57] [PERFORMANCE] Page loaded: 1 - Execution time: 0.0331s - Memory: 2MB - Peak: 2MB
[2025-10-04 20:05:58] [PERFORMANCE] Page loaded: admin_dashboard - Execution time: 0.0394s - Memory: 2MB - Peak: 2MB
[2025-10-04 20:05:58] [PERFORMANCE] Page loaded: home - Execution time: 0.0179s - Memory: 2MB - Peak: 2MB
[2025-10-04 20:05:59] [PERFORMANCE] Page loaded: admin_dashboard - Execution time: 0.0447s - Memory: 2MB - Peak: 2MB
[2025-10-04 20:06:44] [PERFORMANCE] Page loaded: 1 - Execution time: 0.0447s - Memory: 2MB - Peak: 2MB
[2025-10-04 20:06:45] [PERFORMANCE] Page loaded: admin_dashboard - Execution time: 0.0363s - Memory: 2MB - Peak: 2MB
[2025-10-04 20:06:46] [PERFORMANCE] Page loaded: 1 - Execution time: 0.0313s - Memory: 2MB - Peak: 2MB
[2025-10-04 20:06:48] [PERFORMANCE] Page loaded: 1 - Execution time: 0.0323s - Memory: 2MB - Peak: 2MB
[2025-10-04 20:07:15] [PERFORMANCE] Page loaded: 1 - Execution time: 0.042s - Memory: 2MB - Peak: 2MB
[2025-10-04 20:07:19] [PERFORMANCE] Page loaded: 1 - Execution time: 0.0326s - Memory: 2MB - Peak: 2MB
[2025-10-04 20:07:22] [PERFORMANCE] Page loaded: admin_commissions - Execution time: 0.0415s - Memory: 2MB - Peak: 2MB
[2025-10-04 20:12:12] [PERFORMANCE] Page loaded: admin_commissions - Execution time: 0.0461s - Memory: 2MB - Peak: 2MB
[2025-10-04 20:12:26] [PERFORMANCE] Page loaded: admin_commissions - Execution time: 0.0562s - Memory: 2MB - Peak: 2MB
[2025-10-04 20:12:38] [PERFORMANCE] Page loaded: 1 - Execution time: 0.3867s - Memory: 2MB - Peak: 2MB
[2025-10-04 20:12:54] [PERFORMANCE] Page loaded: admin_dashboard - Execution time: 0.0345s - Memory: 2MB - Peak: 2MB
[2025-10-04 20:12:55] [PERFORMANCE] Page loaded: 1 - Execution time: 0.0382s - Memory: 2MB - Peak: 2MB
[2025-10-04 20:13:10] [PERFORMANCE] Page loaded: 1 - Execution time: 0.0269s - Memory: 2MB - Peak: 2MB
[2025-10-04 20:18:18] [PERFORMANCE] Page loaded: 1 - Execution time: 0.0213s - Memory: 2MB - Peak: 2MB
[2025-10-04 20:18:20] [PERFORMANCE] Page loaded: 1 - Execution time: 0.0462s - Memory: 2MB - Peak: 2MB
[2025-10-04 20:18:21] [PERFORMANCE] Page loaded: 1 - Execution time: 0.0232s - Memory: 2MB - Peak: 2MB
[2025-10-04 20:18:24] [PERFORMANCE] Page loaded: 1 - Execution time: 0.0401s - Memory: 2MB - Peak: 2MB
[2025-10-04 20:18:25] [PERFORMANCE] Page loaded: 1 - Execution time: 0.0431s - Memory: 2MB - Peak: 2MB
[2025-10-04 20:18:28] [PERFORMANCE] Page loaded: 1 - Execution time: 0.0445s - Memory: 2MB - Peak: 2MB
[2025-10-04 20:18:29] [PERFORMANCE] Page loaded: 1 - Execution time: 0.0276s - Memory: 2MB - Peak: 2MB
[2025-10-04 20:18:30] [PERFORMANCE] Page loaded: 1 - Execution time: 0.0348s - Memory: 2MB - Peak: 2MB
[2025-10-04 20:18:31] [PERFORMANCE] Page loaded: 1 - Execution time: 0.0458s - Memory: 2MB - Peak: 2MB
[2025-10-04 20:18:33] [PERFORMANCE] Page loaded: 1 - Execution time: 0.0284s - Memory: 2MB - Peak: 2MB
[2025-10-04 20:18:33] [PERFORMANCE] Page loaded: admin_dashboard - Execution time: 0.0433s - Memory: 2MB - Peak: 2MB
[2025-10-04 20:19:23] [PERFORMANCE] Page loaded: home - Execution time: 0.0207s - Memory: 2MB - Peak: 2MB
[2025-10-04 20:19:25] [PERFORMANCE] Page loaded: login - Execution time: 0.0375s - Memory: 2MB - Peak: 2MB
[2025-10-04 20:19:37] [PERFORMANCE] Page loaded: dashboard - Execution time: 0.041s - Memory: 2MB - Peak: 2MB
[2025-10-04 20:19:41] [PERFORMANCE] Page loaded: 1 - Execution time: 0.0313s - Memory: 2MB - Peak: 2MB
[2025-10-04 20:19:42] [PERFORMANCE] Page loaded: 1 - Execution time: 0.0326s - Memory: 2MB - Peak: 2MB
[2025-10-04 20:19:45] [PERFORMANCE] Page loaded: admin_dashboard - Execution time: 0.0428s - Memory: 2MB - Peak: 2MB
[2025-10-04 20:19:46] [PERFORMANCE] Page loaded: 1 - Execution time: 0.0358s - Memory: 2MB - Peak: 2MB
[2025-10-04 20:19:54] [PERFORMANCE] Page loaded: 1 - Execution time: 0.0345s - Memory: 2MB - Peak: 2MB
[2025-10-04 20:19:55] [PERFORMANCE] Page loaded: 1 - Execution time: 0.0336s - Memory: 2MB - Peak: 2MB
[2025-10-04 20:20:00] [PERFORMANCE] Page loaded: 1 - Execution time: 0.0418s - Memory: 2MB - Peak: 2MB
[2025-10-04 20:20:05] [PERFORMANCE] Page loaded: admin_dashboard - Execution time: 0.0485s - Memory: 2MB - Peak: 2MB
[2025-10-04 20:20:06] [PERFORMANCE] Page loaded: 1 - Execution time: 0.0458s - Memory: 2MB - Peak: 2MB
[2025-10-04 20:20:07] [PERFORMANCE] Page loaded: admin_dashboard - Execution time: 0.0446s - Memory: 2MB - Peak: 2MB
[2025-10-04 20:20:07] [PERFORMANCE] Page loaded: admin_dashboard - Execution time: 0.0333s - Memory: 2MB - Peak: 2MB
[2025-10-04 20:20:15] [PERFORMANCE] Page loaded: 1 - Execution time: 0.0332s - Memory: 2MB - Peak: 2MB
[2025-10-04 20:20:18] [PERFORMANCE] Page loaded: admin_dashboard - Execution time: 0.0344s - Memory: 2MB - Peak: 2MB
[2025-10-04 20:20:19] [PERFORMANCE] Page loaded: home - Execution time: 0.0197s - Memory: 2MB - Peak: 2MB
[2025-10-04 20:20:21] [PERFORMANCE] Page loaded: admin_dashboard - Execution time: 0.0349s - Memory: 2MB - Peak: 2MB
[2025-10-04 20:20:26] [PERFORMANCE] Page loaded: 1 - Execution time: 0.0339s - Memory: 2MB - Peak: 2MB
[2025-10-04 20:20:28] [PERFORMANCE] Page loaded: 1 - Execution time: 0.0311s - Memory: 2MB - Peak: 2MB
[2025-10-04 20:20:30] [PERFORMANCE] Page loaded: 1 - Execution time: 0.0434s - Memory: 2MB - Peak: 2MB
[2025-10-04 20:20:31] [PERFORMANCE] Page loaded: admin_commissions - Execution time: 0.0337s - Memory: 2MB - Peak: 2MB
[2025-10-04 20:20:31] [PERFORMANCE] Page loaded: admin_reports - Execution time: 0.0487s - Memory: 2MB - Peak: 2MB
[2025-10-04 20:20:32] [PERFORMANCE] Page loaded: home - Execution time: 0.0179s - Memory: 2MB - Peak: 2MB
[2025-10-04 20:20:34] [PERFORMANCE] Page loaded: home - Execution time: 0.0132s - Memory: 2MB - Peak: 2MB
[2025-10-04 20:20:35] [PERFORMANCE] Page loaded: login - Execution time: 0.032s - Memory: 2MB - Peak: 2MB
[2025-10-04 20:21:17] [PERFORMANCE] Page loaded: dashboard - Execution time: 0.0152s - Memory: 2MB - Peak: 2MB
[2025-10-04 20:21:21] [PERFORMANCE] Page loaded: home - Execution time: 0.0167s - Memory: 2MB - Peak: 2MB
[2025-10-04 20:21:26] [PERFORMANCE] Page loaded: 1 - Execution time: 0.0233s - Memory: 2MB - Peak: 2MB
[2025-10-04 20:21:30] [PERFORMANCE] Page loaded: 1 - Execution time: 0.0343s - Memory: 2MB - Peak: 2MB
[2025-10-04 20:21:31] [PERFORMANCE] Page loaded: about - Execution time: 0.0271s - Memory: 2MB - Peak: 2MB
[2025-10-04 20:21:32] [PERFORMANCE] Page loaded: contact - Execution time: 0.0145s - Memory: 2MB - Peak: 2MB
[2025-10-04 20:21:35] [PERFORMANCE] Page loaded: about - Execution time: 0.0185s - Memory: 2MB - Peak: 2MB
[2025-10-04 20:21:35] [PERFORMANCE] Page loaded: 1 - Execution time: 0.0413s - Memory: 2MB - Peak: 2MB
[2025-10-04 20:21:40] [PERFORMANCE] Page loaded: property_details - Execution time: 0.0209s - Memory: 2MB - Peak: 2MB
[2025-10-04 20:22:00] [PERFORMANCE] Page loaded: 1 - Execution time: 0.0315s - Memory: 2MB - Peak: 2MB
[2025-10-04 20:22:04] [PERFORMANCE] Page loaded: home - Execution time: 0.0149s - Memory: 2MB - Peak: 2MB
[2025-10-04 20:23:14] [PERFORMANCE] Page loaded: home - Execution time: 0.0192s - Memory: 2MB - Peak: 2MB
[2025-10-04 20:23:21] [PERFORMANCE] Page loaded: home - Execution time: 0.0227s - Memory: 2MB - Peak: 2MB
[2025-10-04 20:23:38] [PERFORMANCE] Page loaded: home - Execution time: 0.0179s - Memory: 2MB - Peak: 2MB
[2025-10-04 20:23:42] [PERFORMANCE] Page loaded: home - Execution time: 0.0094s - Memory: 2MB - Peak: 2MB
[2025-10-04 20:23:52] [PERFORMANCE] Page loaded: home - Execution time: 0.0191s - Memory: 2MB - Peak: 2MB
[2025-10-04 20:24:08] [PERFORMANCE] Page loaded: home - Execution time: 0.0085s - Memory: 2MB - Peak: 2MB
[2025-10-04 20:24:58] [PERFORMANCE] Page loaded: home - Execution time: 0.0065s - Memory: 2MB - Peak: 2MB
[2025-10-04 20:25:03] [PERFORMANCE] Page loaded: home - Execution time: 0.0047s - Memory: 2MB - Peak: 2MB
[2025-10-04 20:25:05] [PERFORMANCE] Page loaded: property_details - Execution time: 0.0216s - Memory: 2MB - Peak: 2MB
[2025-10-04 20:25:14] [PERFORMANCE] Page loaded: 1 - Execution time: 0.0332s - Memory: 2MB - Peak: 2MB
[2025-10-04 20:25:26] [PERFORMANCE] Page loaded: home - Execution time: 0.0049s - Memory: 2MB - Peak: 2MB
[2025-10-04 20:25:30] [PERFORMANCE] Page loaded: property_details - Execution time: 0.0434s - Memory: 2MB - Peak: 2MB
[2025-10-04 20:25:35] [PERFORMANCE] Page loaded: 1 - Execution time: 0.0373s - Memory: 2MB - Peak: 2MB
[2025-10-04 20:26:09] [PERFORMANCE] Page loaded: home - Execution time: 0.0052s - Memory: 2MB - Peak: 2MB
[2025-10-04 20:34:14] [PERFORMANCE] Page loaded: home - Execution time: 0.0307s - Memory: 2MB - Peak: 2MB
[2025-10-04 20:34:16] [PERFORMANCE] Page loaded: property_details - Execution time: 0.0314s - Memory: 2MB - Peak: 2MB
[2025-10-04 20:34:47] [PERFORMANCE] Page loaded: property_details - Execution time: 0.053s - Memory: 2MB - Peak: 2MB
[2025-10-04 20:34:53] [PERFORMANCE] Page loaded: home - Execution time: 0.0227s - Memory: 2MB - Peak: 2MB
[2025-10-04 20:34:55] [PERFORMANCE] Page loaded: property_details - Execution time: 0.0325s - Memory: 2MB - Peak: 2MB
[2025-10-04 20:45:29] [PERFORMANCE] Page loaded: login - Execution time: 0.012s - Memory: 2MB - Peak: 2MB
[2025-10-04 20:45:44] [PERFORMANCE] Page loaded: property_details - Execution time: 0.0315s - Memory: 2MB - Peak: 2MB
[2025-10-04 20:45:48] [PERFORMANCE] Page loaded: property_details - Execution time: 0.0453s - Memory: 2MB - Peak: 2MB
[2025-10-04 20:46:11] [PERFORMANCE] Page loaded: property_details - Execution time: 0.0203s - Memory: 2MB - Peak: 2MB
[2025-10-04 21:23:08] [PERFORMANCE] Page loaded: login - Execution time: 0.0305s - Memory: 2MB - Peak: 2MB
[2025-10-04 21:23:19] [PERFORMANCE] Page loaded: dashboard - Execution time: 0.0485s - Memory: 2MB - Peak: 2MB
[2025-10-04 21:23:22] [PERFORMANCE] Page loaded: home - Execution time: 0.0067s - Memory: 2MB - Peak: 2MB
[2025-10-04 21:23:24] [PERFORMANCE] Page loaded: property_details - Execution time: 0.0413s - Memory: 2MB - Peak: 2MB
[2025-10-04 22:03:27] [PERFORMANCE] Page loaded: login - Execution time: 0.0912s - Memory: 2MB - Peak: 2MB
[2025-10-04 22:03:33] [PERFORMANCE] Page loaded: dashboard - Execution time: 0.3527s - Memory: 2MB - Peak: 2MB
[2025-10-04 22:03:35] [PERFORMANCE] Page loaded: home - Execution time: 0.0984s - Memory: 2MB - Peak: 2MB
[2025-10-04 22:03:37] [PERFORMANCE] Page loaded: property_details - Execution time: 0.1719s - Memory: 2MB - Peak: 2MB
[2025-10-04 22:07:35] [PERFORMANCE] Page loaded: login - Execution time: 0.0296s - Memory: 2MB - Peak: 2MB
[2025-10-05 00:42:55] [PERFORMANCE] Page loaded: register - Execution time: 0.0298s - Memory: 2MB - Peak: 2MB
[2025-10-05 00:42:56] [PERFORMANCE] Page loaded: register - Execution time: 0.0344s - Memory: 2MB - Peak: 2MB
[2025-10-05 00:43:04] [PERFORMANCE] Page loaded: login - Execution time: 0.0337s - Memory: 2MB - Peak: 2MB
[2025-10-05 00:43:08] [PERFORMANCE] Page loaded: register - Execution time: 0.0312s - Memory: 2MB - Peak: 2MB
[2025-10-05 00:56:45] [PERFORMANCE] Page loaded: verify_otp.php - Execution time: 0.116s - Memory: 2MB - Peak: 2MB
[2025-10-05 00:56:47] [PERFORMANCE] Page loaded: home - Execution time: 0.2783s - Memory: 2MB - Peak: 2MB
[2025-10-05 00:56:50] [PERFORMANCE] Page loaded: login - Execution time: 0.0896s - Memory: 2MB - Peak: 2MB
[2025-10-05 00:56:52] [PERFORMANCE] Page loaded: register - Execution time: 0.135s - Memory: 2MB - Peak: 2MB
[2025-10-05 00:57:16] [PERFORMANCE] Page loaded: verify_otp.php - Execution time: 0.0216s - Memory: 2MB - Peak: 2MB
